sh: 1: cannot create dataRASP: Permission denied
sh: 1: cannot create dataRASP: Permission denied
sh: 1: cannot create dataRASP: Permission denied
sh: 1: cannot create dataRASP: Permission denied
sh: 1: cannot create dataRASP: Permission denied
Registering hotplug callback...
3
3
3
{"ports":[{"portNumber":1, "status":"unused"},{"portNumber":2, "status":"unused"},{"portNumber":3, "status":"used"},{"portNumber":4, "status":"unused"}]}

http://flhubber-aoechat.rhcloud.com/s?ports={"ports":[{"portNumber":1, "status":"unused"},{"portNumber":2, "status":"unused"},{"portNumber":3, "status":"used"},{"portNumber":4, "status":"unused"}]}

good
Device arrived: Bus 001 Device 011: ID 12d1:1052
3
3
3
{"ports":[{"portNumber":1, "status":"unused"},{"portNumber":2, "status":"unused"},{"portNumber":3, "status":"used"},{"portNumber":4, "status":"unused"}]}

http://flhubber-aoechat.rhcloud.com/s?ports={"ports":[{"portNumber":1, "status":"unused"},{"portNumber":2, "status":"unused"},{"portNumber":3, "status":"used"},{"portNumber":4, "status":"unused"}]}

good
Device arrived: Bus 001 Device 004: ID 05e3:0610
3
3
3
{"ports":[{"portNumber":1, "status":"unused"},{"portNumber":2, "status":"unused"},{"portNumber":3, "status":"used"},{"portNumber":4, "status":"unused"}]}

http://flhubber-aoechat.rhcloud.com/s?ports={"ports":[{"portNumber":1, "status":"unused"},{"portNumber":2, "status":"unused"},{"portNumber":3, "status":"used"},{"portNumber":4, "status":"unused"}]}

good
Device arrived: Bus 001 Device 003: ID 0424:ec00
3
3
3
{"ports":[{"portNumber":1, "status":"unused"},{"portNumber":2, "status":"unused"},{"portNumber":3, "status":"used"},{"portNumber":4, "status":"unused"}]}

http://flhubber-aoechat.rhcloud.com/s?ports={"ports":[{"portNumber":1, "status":"unused"},{"portNumber":2, "status":"unused"},{"portNumber":3, "status":"used"},{"portNumber":4, "status":"unused"}]}

good
Device arrived: Bus 001 Device 002: ID 0424:9514
3
3
3
{"ports":[{"portNumber":1, "status":"unused"},{"portNumber":2, "status":"unused"},{"portNumber":3, "status":"used"},{"portNumber":4, "status":"unused"}]}

http://flhubber-aoechat.rhcloud.com/s?ports={"ports":[{"portNumber":1, "status":"unused"},{"portNumber":2, "status":"unused"},{"portNumber":3, "status":"used"},{"portNumber":4, "status":"unused"}]}

good
Device arrived: Bus 001 Device 001: ID 1d6b:0002
Callback registered. Monitoring events, ^C to exit
Exiting
sh: 1: cannot create dataRASP: Permission denied
sh: 1: cannot create dataRASP: Permission denied
sh: 1: cannot create dataRASP: Permission denied
sh: 1: cannot create dataRASP: Permission denied
sh: 1: cannot create dataRASP: Permission denied
Registering hotplug callback...
1
1
1
{"ports":[{"portNumber":1, "status":"used"},{"portNumber":2, "status":"unused"},{"portNumber":3, "status":"unused"},{"portNumber":4, "status":"unused"}]}

http://flhubber-aoechat.rhcloud.com/s?ports={"ports":[{"portNumber":1, "status":"used"},{"portNumber":2, "status":"unused"},{"portNumber":3, "status":"unused"},{"portNumber":4, "status":"unused"}]}

good
Device arrived: Bus 001 Device 011: ID 12d1:1052
1
1
1
{"ports":[{"portNumber":1, "status":"used"},{"portNumber":2, "status":"unused"},{"portNumber":3, "status":"unused"},{"portNumber":4, "status":"unused"}]}

http://flhubber-aoechat.rhcloud.com/s?ports={"ports":[{"portNumber":1, "status":"used"},{"portNumber":2, "status":"unused"},{"portNumber":3, "status":"unused"},{"portNumber":4, "status":"unused"}]}

good
Device arrived: Bus 001 Device 004: ID 05e3:0610
1
1
1
{"ports":[{"portNumber":1, "status":"used"},{"portNumber":2, "status":"unused"},{"portNumber":3, "status":"unused"},{"portNumber":4, "status":"unused"}]}

http://flhubber-aoechat.rhcloud.com/s?ports={"ports":[{"portNumber":1, "status":"used"},{"portNumber":2, "status":"unused"},{"portNumber":3, "status":"unused"},{"portNumber":4, "status":"unused"}]}

good
Device arrived: Bus 001 Device 003: ID 0424:ec00
1
1
1
{"ports":[{"portNumber":1, "status":"used"},{"portNumber":2, "status":"unused"},{"portNumber":3, "status":"unused"},{"portNumber":4, "status":"unused"}]}

http://flhubber-aoechat.rhcloud.com/s?ports={"ports":[{"portNumber":1, "status":"used"},{"portNumber":2, "status":"unused"},{"portNumber":3, "status":"unused"},{"portNumber":4, "status":"unused"}]}

good
Device arrived: Bus 001 Device 002: ID 0424:9514
1
1
1
{"ports":[{"portNumber":1, "status":"used"},{"portNumber":2, "status":"unused"},{"portNumber":3, "status":"unused"},{"portNumber":4, "status":"unused"}]}

http://flhubber-aoechat.rhcloud.com/s?ports={"ports":[{"portNumber":1, "status":"used"},{"portNumber":2, "status":"unused"},{"portNumber":3, "status":"unused"},{"portNumber":4, "status":"unused"}]}

good
Device arrived: Bus 001 Device 001: ID 1d6b:0002
Callback registered. Monitoring events, ^C to exit
3
3
3
{"ports":[{"portNumber":1, "status":"unused"},{"portNumber":2, "status":"unused"},{"portNumber":3, "status":"used"},{"portNumber":4, "status":"unused"}]}

http://flhubber-aoechat.rhcloud.com/s?ports={"ports":[{"portNumber":1, "status":"unused"},{"portNumber":2, "status":"unused"},{"portNumber":3, "status":"used"},{"portNumber":4, "status":"unused"}]}

good
Device left: Bus 001 Device 011: ID 12d1:1052
{"ports":[{"portNumber":1, "status":"unused"},{"portNumber":2, "status":"unused"},{"portNumber":3, "status":"unused"},{"portNumber":4, "status":"unused"}]}

http://flhubber-aoechat.rhcloud.com/s?ports={"ports":[{"portNumber":1, "status":"unused"},{"portNumber":2, "status":"unused"},{"portNumber":3, "status":"unused"},{"portNumber":4, "status":"unused"}]}

good
Device arrived: Bus 001 Device 012: ID 12d1:1052
4
4
4
{"ports":[{"portNumber":1, "status":"unused"},{"portNumber":2, "status":"unused"},{"portNumber":3, "status":"unused"},{"portNumber":4, "status":"used"}]}

http://flhubber-aoechat.rhcloud.com/s?ports={"ports":[{"portNumber":1, "status":"unused"},{"portNumber":2, "status":"unused"},{"portNumber":3, "status":"unused"},{"portNumber":4, "status":"used"}]}

good
Device left: Bus 001 Device 012: ID 12d1:1052
{"ports":[{"portNumber":1, "status":"unused"},{"portNumber":2, "status":"unused"},{"portNumber":3, "status":"unused"},{"portNumber":4, "status":"unused"}]}

http://flhubber-aoechat.rhcloud.com/s?ports={"ports":[{"portNumber":1, "status":"unused"},{"portNumber":2, "status":"unused"},{"portNumber":3, "status":"unused"},{"portNumber":4, "status":"unused"}]}

good
Device arrived: Bus 001 Device 013: ID 12d1:1052
Traceback (most recent call last):
  File "_ctypes/callbacks.c", line 314, in 'calling callback function'
  File "/usr/local/lib/python2.7/dist-packages/usb1/__init__.py", line 2462, in wrapped_callback
    event,
  File "hotplug.py", line 23, in hotplug_callback
    json = usbJSON.generateJSON()
  File "/home/pi/hotplug/usbJSON.py", line 17, in generateJSON
    nbLine = file_len("dataRASP")
  File "/home/pi/hotplug/usbJSON.py", line 9, in file_len
    return i+1
UnboundLocalError: local variable 'i' referenced before assignment
Registering hotplug callback...
3
3
3
{"ports":[{"portNumber":1, "status":"unused"},{"portNumber":2, "status":"unused"},{"portNumber":3, "status":"used"},{"portNumber":4, "status":"unused"}]}

http://flhubber-aoechat.rhcloud.com/s?ports={"ports":[{"portNumber":1, "status":"unused"},{"portNumber":2, "status":"unused"},{"portNumber":3, "status":"used"},{"portNumber":4, "status":"unused"}]}

good
Device arrived: Bus 001 Device 011: ID 12d1:1052
3
3
3
{"ports":[{"portNumber":1, "status":"unused"},{"portNumber":2, "status":"unused"},{"portNumber":3, "status":"used"},{"portNumber":4, "status":"unused"}]}

http://flhubber-aoechat.rhcloud.com/s?ports={"ports":[{"portNumber":1, "status":"unused"},{"portNumber":2, "status":"unused"},{"portNumber":3, "status":"used"},{"portNumber":4, "status":"unused"}]}

good
Device arrived: Bus 001 Device 004: ID 05e3:0610
3
3
3
{"ports":[{"portNumber":1, "status":"unused"},{"portNumber":2, "status":"unused"},{"portNumber":3, "status":"used"},{"portNumber":4, "status":"unused"}]}

http://flhubber-aoechat.rhcloud.com/s?ports={"ports":[{"portNumber":1, "status":"unused"},{"portNumber":2, "status":"unused"},{"portNumber":3, "status":"used"},{"portNumber":4, "status":"unused"}]}

good
Device arrived: Bus 001 Device 003: ID 0424:ec00
3
3
3
{"ports":[{"portNumber":1, "status":"unused"},{"portNumber":2, "status":"unused"},{"portNumber":3, "status":"used"},{"portNumber":4, "status":"unused"}]}

http://flhubber-aoechat.rhcloud.com/s?ports={"ports":[{"portNumber":1, "status":"unused"},{"portNumber":2, "status":"unused"},{"portNumber":3, "status":"used"},{"portNumber":4, "status":"unused"}]}

good
Device arrived: Bus 001 Device 002: ID 0424:9514
3
3
3
{"ports":[{"portNumber":1, "status":"unused"},{"portNumber":2, "status":"unused"},{"portNumber":3, "status":"used"},{"portNumber":4, "status":"unused"}]}

http://flhubber-aoechat.rhcloud.com/s?ports={"ports":[{"portNumber":1, "status":"unused"},{"portNumber":2, "status":"unused"},{"portNumber":3, "status":"used"},{"portNumber":4, "status":"unused"}]}

good
Device arrived: Bus 001 Device 001: ID 1d6b:0002
Callback registered. Monitoring events, ^C to exit
{"ports":[{"portNumber":1, "status":"unused"},{"portNumber":2, "status":"unused"},{"portNumber":3, "status":"unused"},{"portNumber":4, "status":"unused"}]}

http://flhubber-aoechat.rhcloud.com/s?ports={"ports":[{"portNumber":1, "status":"unused"},{"portNumber":2, "status":"unused"},{"portNumber":3, "status":"unused"},{"portNumber":4, "status":"unused"}]}

good
Device left: Bus 001 Device 011: ID 12d1:1052
4
4
4
{"ports":[{"portNumber":1, "status":"unused"},{"portNumber":2, "status":"unused"},{"portNumber":3, "status":"unused"},{"portNumber":4, "status":"used"}]}

http://flhubber-aoechat.rhcloud.com/s?ports={"ports":[{"portNumber":1, "status":"unused"},{"portNumber":2, "status":"unused"},{"portNumber":3, "status":"unused"},{"portNumber":4, "status":"used"}]}

good
Device arrived: Bus 001 Device 012: ID 12d1:1052
{"ports":[{"portNumber":1, "status":"unused"},{"portNumber":2, "status":"unused"},{"portNumber":3, "status":"unused"},{"portNumber":4, "status":"unused"}]}

http://flhubber-aoechat.rhcloud.com/s?ports={"ports":[{"portNumber":1, "status":"unused"},{"portNumber":2, "status":"unused"},{"portNumber":3, "status":"unused"},{"portNumber":4, "status":"unused"}]}

good
Device left: Bus 001 Device 012: ID 12d1:1052
1
1
1
{"ports":[{"portNumber":1, "status":"used"},{"portNumber":2, "status":"unused"},{"portNumber":3, "status":"unused"},{"portNumber":4, "status":"unused"}]}

http://flhubber-aoechat.rhcloud.com/s?ports={"ports":[{"portNumber":1, "status":"used"},{"portNumber":2, "status":"unused"},{"portNumber":3, "status":"unused"},{"portNumber":4, "status":"unused"}]}

good
Device arrived: Bus 001 Device 013: ID 12d1:1052
{"ports":[{"portNumber":1, "status":"unused"},{"portNumber":2, "status":"unused"},{"portNumber":3, "status":"unused"},{"portNumber":4, "status":"unused"}]}

http://flhubber-aoechat.rhcloud.com/s?ports={"ports":[{"portNumber":1, "status":"unused"},{"portNumber":2, "status":"unused"},{"portNumber":sh: 1: cannot create dataRASP: Permission denied
sh: 1: cannot create dataRASP: Permission denied
{"ports":[{"portNumber":1, "status":"unused"},{"portNumber":2, "status":"unused"},{"portNumber":3, "status":"unused"},{"portNumber":4, "status":"unused"}]}

http://flhubber-aoechat.rhcloud.com/s?ports={"ports":[{"portNumber":1, "status":"unused"},{"portNumber":2, "status":"unused"},{"portNumber":3, "status":"unused"},{"portNumber":4, "status":"unused"}]}

good
Device arrived: Bus 001 Device 014: ID 12d1:1052
Traceback (most recent call last):
  File "_ctypes/callbacks.c", line 314, in 'calling callback function'
  File "/usr/local/lib/python2.7/dist-packages/usb1/__init__.py", line 2462, in wrapped_callback
    event,
  File "hotplug.py", line 23, in hotplug_callback
    json = usbJSON.generateJSON()
  File "/home/pi/hotplug/usbJSON.py", line 17, in generateJSON
    nbLine = file_len("dataRASP")
  File "/home/pi/hotplug/usbJSON.py", line 9, in file_len
    return i+1
UnboundLocalError: local variable 'i' referenced before assignment
sh: 1: cannot create dataRASP: Permission denied
Traceback (most recent call last):
  File "_ctypes/callbacks.c", line 314, in 'calling callback function'
  File "/usr/local/lib/python2.7/dist-packages/usb1/__init__.py", line 2462, in wrapped_callback
    event,
  File "hotplug.py", line 23, in hotplug_callback
    json = usbJSON.generateJSON()
  File "/home/pi/hotplug/usbJSON.py", line 17, in generateJSON
    nbLine = file_len("dataRASP")
  File "/home/pi/hotplug/usbJSON.py", line 9, in file_len
    return i+1
UnboundLocalError: local variable 'i' referenced before assignment
sh: 1: cannot create dataRASP: Permission denied
Traceback (most recent call last):
  File "_ctypes/callbacks.c", line 314, in 'calling callback function'
  File "/usr/local/lib/python2.7/dist-packages/usb1/__init__.py", line 2462, in wrapped_callback
    event,
  File "hotplug.py", line 23, in hotplug_callback
    json = usbJSON.generateJSON()
  File "/home/pi/hotplug/usbJSON.py", line 17, in generateJSON
    nbLine = file_len("dataRASP")
  File "/home/pi/hotplug/usbJSON.py", line 9, in file_len
    return i+1
UnboundLocalError: local variable 'i' referenced before assignment
sh: 1: cannot create dataRASP: Permission denied
Traceback (most recent call last):
  File "_ctypes/callbacks.c", line 314, in 'calling callback function'
  File "/usr/local/lib/python2.7/dist-packages/usb1/__init__.py", line 2462, in wrapped_callback
    event,
  File "hotplug.py", line 23, in hotplug_callback
    json = usbJSON.generateJSON()
  File "/home/pi/hotplug/usbJSON.py", line 17, in generateJSON
    nbLine = file_len("dataRASP")
  File "/home/pi/hotplug/usbJSON.py", line 9, in file_len
    return i+1
UnboundLocalError: local variable 'i' referenced before assignment
sh: 1: cannot create dataRASP: Permission denied
Traceback (most recent call last):
  File "_ctypes/callbacks.c", line 314, in 'calling callback function'
  File "/usr/local/lib/python2.7/dist-packages/usb1/__init__.py", line 2462, in wrapped_callback
    event,
  File "hotplug.py", line 23, in hotplug_callback
    json = usbJSON.generateJSON()
  File "/home/pi/hotplug/usbJSON.py", line 17, in generateJSON
    nbLine = file_len("dataRASP")
  File "/home/pi/hotplug/usbJSON.py", line 9, in file_len
    return i+1
UnboundLocalError: local variable 'i' referenced before assignment
sh: 1: cannot create dataRASP: Permission denied
Traceback (most recent call last):
  File "_ctypes/callbacks.c", line 314, in 'calling callback function'
  File "/usr/local/lib/python2.7/dist-packages/usb1/__init__.py", line 2462, in wrapped_callback
    event,
  File "hotplug.py", line 23, in hotplug_callback
    json = usbJSON.generateJSON()
  File "/home/pi/hotplug/usbJSON.py", line 17, in generateJSON
    nbLine = file_len("dataRASP")
  File "/home/pi/hotplug/usbJSON.py", line 9, in file_len
    return i+1
UnboundLocalError: local variable 'i' referenced before assignment
sh: 1: cannot create dataRASP: Permission denied
sh: 1: cannot create dataRASP: Permission denied
sh: 1: cannot create dataRASP: Permission denied
4
{"ports":[{"portNumber":1, "status":"unused"},{"portNumber":2, "status":"unused"},{"portNumber":3, "status":"unused"},{"portNumber":4, "status":"used"}]}

http://flhubber-aoechat.rhcloud.com/s?ports={"ports":[{"portNumber":1, "status":"unused"},{"portNumber":2, "status":"unused"},{"portNumber":3, "status":"unused"},{"portNumber":4, "status":"used"}]}

good
Device arrived: Bus 001 Device 018: ID 12d1:1052
3
3
3
4
{"ports":[{"portNumber":1, "status":"unused"},{"portNumber":2, "status":"unused"},{"portNumber":3, "status":"used"},{"portNumber":4, "status":"used"}]}

http://flhubber-aoechat.rhcloud.com/s?ports={"ports":[{"portNumber":1, "status":"unused"},{"portNumber":2, "status":"unused"},{"portNumber":3, "status":"used"},{"portNumber":4, "status":"used"}]}

good
Device left: Bus 001 Device 018: ID 12d1:1052
Traceback (most recent call last):
  File "_ctypes/callbacks.c", line 314, in 'calling callback function'
  File "/usr/local/lib/python2.7/dist-packages/usb1/__init__.py", line 2462, in wrapped_callback
    event,
  File "hotplug.py", line 23, in hotplug_callback
    json = usbJSON.generateJSON()
  File "/home/pi/hotplug/usbJSON.py", line 17, in generateJSON
    nbLine = file_len("dataRASP")
  File "/home/pi/hotplug/usbJSON.py", line 9, in file_len
    return i+1
UnboundLocalError: local variable 'i' referenced before assignment
3, "status":"unused"},{"portNumber":4, "status":"unused"}]}

good
Device left: Bus 001 Device 013: ID 12d1:1052
4
4
4
{"ports":[{"portNumber":1, "status":"unused"},{"portNumber":2, "status":"unused"},{"portNumber":3, "status":"unused"},{"portNumber":4, "status":"used"}]}

http://flhubber-aoechat.rhcloud.com/s?ports={"ports":[{"portNumber":1, "status":"unused"},{"portNumber":2, "status":"unused"},{"portNumber":3, "status":"unused"},{"portNumber":4, "status":"used"}]}

good
Device arrived: Bus 001 Device 014: ID 12d1:1052
{"ports":[{"portNumber":1, "status":"unused"},{"portNumber":2, "status":"unused"},{"portNumber":3, "status":"unused"},{"portNumber":4, "status":"unused"}]}

http://flhubber-aoechat.rhcloud.com/s?ports={"ports":[{"portNumber":1, "status":"unused"},{"portNumber":2, "status":"unused"},{"portNumber":3, "status":"unused"},{"portNumber":4, "status":"unused"}]}

good
Device left: Bus 001 Device 014: ID 12d1:1052
3
3
3
{"ports":[{"portNumber":1, "status":"unused"},{"portNumber":2, "status":"unused"},{"portNumber":3, "status":"used"},{"portNumber":4, "status":"unused"}]}

http://flhubber-aoechat.rhcloud.com/s?ports={"ports":[{"portNumber":1, "status":"unused"},{"portNumber":2, "status":"unused"},{"portNumber":3, "status":"used"},{"portNumber":4, "status":"unused"}]}

good
Device arrived: Bus 001 Device 015: ID 12d1:1052
{"ports":[{"portNumber":1, "status":"unused"},{"portNumber":2, "status":"unused"},{"portNumber":3, "status":"unused"},{"portNumber":4, "status":"unused"}]}

http://flhubber-aoechat.rhcloud.com/s?ports={"ports":[{"portNumber":1, "status":"unused"},{"portNumber":2, "status":"unused"},{"portNumber":3, "status":"unused"},{"portNumber":4, "status":"unused"}]}

good
Device left: Bus 001 Device 015: ID 12d1:1052
2
2
2
{"ports":[{"portNumber":1, "status":"unused"},{"portNumber":2, "status":"used"},{"portNumber":3, "status":"unused"},{"portNumber":4, "status":"unused"}]}

http://flhubber-aoechat.rhcloud.com/s?ports={"ports":[{"portNumber":1, "status":"unused"},{"portNumber":2, "status":"used"},{"portNumber":3, "status":"unused"},{"portNumber":4, "status":"unused"}]}

good
Device arrived: Bus 001 Device 016: ID 12d1:1052
2
2
2
4
{"ports":[{"portNumber":1, "status":"unused"},{"portNumber":2, "status":"used"},{"portNumber":3, "status":"unused"},{"portNumber":4, "status":"used"}]}

http://flhubber-aoechat.rhcloud.com/s?ports={"ports":[{"portNumber":1, "status":"unused"},{"portNumber":2, "status":"used"},{"portNumber":3, "status":"unused"},{"portNumber":4, "status":"used"}]}

good
Device arrived: Bus 001 Device 017: ID 0204:6025
4
{"ports":[{"portNumber":1, "status":"unused"},{"portNumber":2, "status":"unused"},{"portNumber":3, "status":"unused"},{"portNumber":4, "status":"used"}]}

http://flhubber-aoechat.rhcloud.com/s?ports={"ports":[{"portNumber":1, "status":"unused"},{"portNumber":2, "status":"unused"},{"portNumber":3, "status":"unused"},{"portNumber":4, "status":"used"}]}

good
Device left: Bus 001 Device 016: ID 12d1:1052
3
3
3
4
{"ports":[{"portNumber":1, "status":"unused"},{"portNumber":2, "status":"unused"},{"portNumber":3, "status":"used"},{"portNumber":4, "status":"used"}]}

http://flhubber-aoechat.rhcloud.com/s?ports={"ports":[{"portNumber":1, "status":"unused"},{"portNumber":2, "status":"unused"},{"portNumber":3, "status":"used"},{"portNumber":4, "status":"used"}]}

good
Device arrived: Bus 001 Device 018: ID 12d1:1052
4
{"ports":[{"portNumber":1, "status":"unused"},{"portNumber":2, "status":"unused"},{"portNumber":3, "status":"unused"},{"portNumber":4, "status":"used"}]}

http://flhubber-aoechat.rhcloud.com/s?ports={"ports":[{"portNumber":1, "status":"unused"},{"portNumber":2, "status":"unused"},{"portNumber":3, "status":"unused"},{"portNumber":4, "status":"used"}]}

good
Device left: Bus 001 Device 018: ID 12d1:1052
3
3
3
4
{"ports":[{"portNumber":1, "status":"unused"},{"portNumber":2, "status":"unused"},{"portNumber":3, "status":"used"},{"portNumber":4, "status":"used"}]}

http://flhubber-aoechat.rhcloud.com/s?ports={"ports":[{"portNumber":1, "status":"unused"},{"portNumber":2, "status":"unused"}sh: 1: cannot create dataRASP: Permission denied
sh: 1: cannot create dataRASP: Permission denied
sh: 1: cannot create dataRASP: Permission denied
3
3
3
4
{"ports":[{"portNumber":1, "status":"unused"},{"portNumber":2, "status":"unused"},{"portNumber":3, "status":"used"},{"portNumber":4, "status":"used"}]}

http://flhubber-aoechat.rhcloud.com/s?ports={"ports":[{"portNumber":1, "status":"unused"},{"portNumber":2, "status":"unused"},{"portNumber":3, "status":"used"},{"portNumber":4, "status":"used"}]}

good
Device left: Bus 001 Device 019: ID 12d1:1052
4
{"ports":[{"portNumber":1, "status":"unused"},{"portNumber":2, "status":"unused"},{"portNumber":3, "status":"unused"},{"portNumber":4, "status":"used"}]}

http://flhubber-aoechat.rhcloud.com/s?ports={"ports":[{"portNumber":1, "status":"unused"},{"portNumber":2, "status":"unused"},{"portNumber":3, "status":"unused"},{"portNumber":4, "status":"used"}]}

good
Device arrived: Bus 001 Device 020: ID 12d1:1052
Traceback (most recent call last):
  File "_ctypes/callbacks.c", line 314, in 'calling callback function'
  File "/usr/local/lib/python2.7/dist-packages/usb1/__init__.py", line 2462, in wrapped_callback
    event,
  File "hotplug.py", line 23, in hotplug_callback
    json = usbJSON.generateJSON()
  File "/home/pi/hotplug/usbJSON.py", line 17, in generateJSON
    nbLine = file_len("dataRASP")
  File "/home/pi/hotplug/usbJSON.py", line 9, in file_len
    return i+1
UnboundLocalError: local variable 'i' referenced before assignment
sh: 1: cannot create dataRASP: Permission denied
sh: 1: cannot create dataRASP: Permission denied
sh: 1: cannot create dataRASP: Permission denied
sh: 1: cannot create dataRASP: Permission denied
sh: 1: cannot create dataRASP: Permission denied
sh: 1: cannot create dataRASP: Permission denied
sh: 1: cannot create dataRASP: Permission denied
sh: 1: cannot create dataRASP: Permission denied
sh: 1: cannot create dataRASP: Permission denied
